<?xml version="1.0" encoding="UTF-8"?>
<testsuite name="ChattyBotTest" tests="1" skipped="0" failures="0" errors="0" timestamp="2022-11-22T01:04:57" hostname="leviatan" time="0.052">
  <properties/>
  <testcase name="start" classname="ChattyBotTest" time="0.052"/>
  <system-out><![CDATA[?[1;31m
Start test 1?[0m
Hello! My Name is Dexter.
I was created in 2022
]]></system-out>
  <system-err><![CDATA[]]></system-err>
</testsuite>
